
-----
Test: tests/test_buy_product.py::test_buy_product_1 (call)
Start time: 2023-08-02 18:13:38.420044
Start name method: authorization

End time: 2023-08-02 18:13:39.936870
End name method: authorization
URL: https://www.saucedemo.com/inventory.html

-----

-----
Test: tests/test_buy_product.py::test_buy_product_1 (call)
Start time: 2023-08-02 18:13:39.939897
Start name method: select_product_1

End time: 2023-08-02 18:13:40.149926
End name method: select_product_1
URL: https://www.saucedemo.com/cart.html

-----

-----
Test: tests/test_buy_product.py::test_buy_product_1 (call)
Start time: 2023-08-02 18:13:40.149926
Start name method: product_confirmation

End time: 2023-08-02 18:13:40.260452
End name method: product_confirmation
URL: https://www.saucedemo.com/checkout-step-one.html

-----

-----
Test: tests/test_buy_product.py::test_buy_product_1 (call)
Start time: 2023-08-02 18:13:40.272933
Start name method: input_inforamtion

End time: 2023-08-02 18:13:40.788882
End name method: input_inforamtion
URL: https://www.saucedemo.com/checkout-step-two.html

-----

-----
Test: tests/test_buy_product.py::test_buy_product_1 (call)
Start time: 2023-08-02 18:13:40.889460
Start name method: finish

End time: 2023-08-02 18:13:41.106826
End name method: finish
URL: https://www.saucedemo.com/checkout-complete.html

-----
