
-----
Test: tests/test_buy_product.py::test_buy_product_1 (call)
Start time: 2023-08-02 18:31:25.113001
Start name method: authorization

End time: 2023-08-02 18:31:26.653415
End name method: authorization
URL: https://www.saucedemo.com/inventory.html

-----

-----
Test: tests/test_buy_product.py::test_buy_product_1 (call)
Start time: 2023-08-02 18:31:26.653415
Start name method: select_product_1

End time: 2023-08-02 18:31:26.871311
End name method: select_product_1
URL: https://www.saucedemo.com/cart.html

-----

-----
Test: tests/test_buy_product.py::test_buy_product_1 (call)
Start time: 2023-08-02 18:31:26.871311
Start name method: product_confirmation

End time: 2023-08-02 18:31:26.978630
End name method: product_confirmation
URL: https://www.saucedemo.com/checkout-step-one.html

-----

-----
Test: tests/test_buy_product.py::test_buy_product_1 (call)
Start time: 2023-08-02 18:31:26.986892
Start name method: input_inforamtion

End time: 2023-08-02 18:31:27.498759
End name method: input_inforamtion
URL: https://www.saucedemo.com/checkout-step-two.html

-----

-----
Test: tests/test_buy_product.py::test_buy_product_1 (call)
Start time: 2023-08-02 18:31:27.610713
Start name method: finish

End time: 2023-08-02 18:31:27.835112
End name method: finish
URL: https://www.saucedemo.com/checkout-complete.html

-----

-----
Test: tests/test_link_about.py::test_link_about (call)
Start time: 2023-08-02 18:31:39.171464
Start name method: authorization

End time: 2023-08-02 18:31:40.533937
End name method: authorization
URL: https://www.saucedemo.com/inventory.html

-----

-----
Test: tests/test_link_about.py::test_link_about (call)
Start time: 2023-08-02 18:31:40.533937
Start name method: select_menu_about

End time: 2023-08-02 18:31:47.162436
End name method: select_menu_about
URL: https://saucelabs.com/

-----
